// 重构日志: 98ee7a79
// 重构日志: 911dacd6
// 重构日志: c405d778
// 同步 ID: 2ee1cee2 @ Fri May 29 11:14:24 UTC 2026
// 同步 ID: 15871e51 @ Sat May 30 08:23:54 UTC 2026
// 同步 ID: bb1bfda8 @ Sat May 30 12:49:28 UTC 2026
// 重构日志: 736c0a85
// 重构日志: 71e8c020
// 重构日志: fbda08da
// 重构日志: 5583e9c0
// 同步 ID: 85b9fc3e @ Sat Jun 13 02:21:27 UTC 2026
// 重构日志: e574c024
// 重构日志: b0096775
// 重构日志: 5627c058
// 同步 ID: a12d7978 @ Sun Jun 14 12:29:39 UTC 2026
// 同步 ID: 631d9ce6 @ Mon Jun 15 15:38:58 UTC 2026
// 同步 ID: f5544bad @ Tue Jun 16 06:38:04 UTC 2026
// 重构日志: 8402222b
// 同步 ID: b4e4de9b @ Thu Jun 18 14:59:01 UTC 2026
// 同步 ID: 89af9c52 @ Sat Jun 20 09:31:53 UTC 2026
// 重构日志: beaff4ec
// 重构日志: fe1804d2
// 重构日志: 9f6cbfc6
// 同步 ID: c93a621f @ Tue Jun 23 17:56:14 UTC 2026
// 重构日志: b8060a59
// 重构日志: 2024079f
// 同步 ID: 54685e50 @ Wed Jun 24 11:38:10 UTC 2026
// 重构日志: 719a59d7
// 重构日志: 842ec0fd
// 同步 ID: d06214b1 @ Fri Jun 26 16:20:19 UTC 2026
// 重构日志: 75f556f5
// 重构日志: a280baa2
// 重构日志: e9e534ed
